# JRE version: OpenJDK Runtime Environment (8.0_111-b14) (build 1.8.0_111-8u111-b14-2ubuntu0.16.04.2-b14)
# Java VM: OpenJDK Server VM (25.111-b14 mixed mode linux-x86 )
Heap:
 PSYoungGen      total 19200K, used 7196K [0x91cc0000, 0x94240000, 0xa6e00000)
  eden space 16640K, 27% used [0x91cc0000,0x92148dc8,0x92d00000)
  from space 2560K, 99% used [0x92d00000,0x92f7e408,0x92f80000)
  to   space 2560K, 0% used [0x93fc0000,0x93fc0000,0x94240000)
 ParOldGen       total 43776K, used 7528K [0x67a00000, 0x6a4c0000, 0x91cc0000)
  object space 43776K, 17% used [0x67a00000,0x6815a3f8,0x6a4c0000)
 Metaspace       used 15310K, capacity 15537K, committed 15768K, reserved 16688K
GC Heap History (6 events):
Event: 0,959 GC heap before
{Heap before GC invocations=1 (full 0):
 PSYoungGen      total 19200K, used 16531K [0x91cc0000, 0x93200000, 0xa6e00000)
  eden space 16640K, 99% used [0x91cc0000,0x92ce4c88,0x92d00000)
  from space 2560K, 0% used [0x92f80000,0x92f80000,0x93200000)
  to   space 2560K, 0% used [0x92d00000,0x92d00000,0x92f80000)
 ParOldGen       total 43776K, used 0K [0x67a00000, 0x6a4c0000, 0x91cc0000)
  object space 43776K, 0% used [0x67a00000,0x67a00000,0x6a4c0000)
 Metaspace       used 7649K, capacity 7836K, committed 7960K, reserved 8496K
Event: 0,971 GC heap after
Heap after GC invocations=1 (full 0):
 PSYoungGen      total 19200K, used 2549K [0x91cc0000, 0x94240000, 0xa6e00000)
  eden space 16640K, 0% used [0x91cc0000,0x91cc0000,0x92d00000)
  from space 2560K, 99% used [0x92d00000,0x92f7d6b8,0x92f80000)
  to   space 2560K, 0% used [0x93fc0000,0x93fc0000,0x94240000)
 ParOldGen       total 43776K, used 851K [0x67a00000, 0x6a4c0000, 0x91cc0000)
  object space 43776K, 1% used [0x67a00000,0x67ad4da0,0x6a4c0000)
 Metaspace       used 7649K, capacity 7836K, committed 7960K, reserved 8496K
}
Event: 8,070 GC heap before
{Heap before GC invocations=2 (full 0):
 PSYoungGen      total 19200K, used 19189K [0x91cc0000, 0x94240000, 0xa6e00000)
  eden space 16640K, 100% used [0x91cc0000,0x92d00000,0x92d00000)
  from space 2560K, 99% used [0x92d00000,0x92f7d6b8,0x92f80000)
  to   space 2560K, 0% used [0x93fc0000,0x93fc0000,0x94240000)
 ParOldGen       total 43776K, used 851K [0x67a00000, 0x6a4c0000, 0x91cc0000)
  object space 43776K, 1% used [0x67a00000,0x67ad4da0,0x6a4c0000)
 Metaspace       used 12661K, capacity 12881K, committed 13080K, reserved 13616K
Event: 8,079 GC heap after
Heap after GC invocations=2 (full 0):
 PSYoungGen      total 19200K, used 2550K [0x91cc0000, 0x94240000, 0xa6e00000)
  eden space 16640K, 0% used [0x91cc0000,0x91cc0000,0x92d00000)
  from space 2560K, 99% used [0x93fc0000,0x9423db10,0x94240000)
  to   space 2560K, 0% used [0x92d00000,0x92d00000,0x92f80000)
 ParOldGen       total 43776K, used 4698K [0x67a00000, 0x6a4c0000, 0x91cc0000)
  object space 43776K, 10% used [0x67a00000,0x67e968a0,0x6a4c0000)
 Metaspace       used 12661K, capacity 12881K, committed 13080K, reserved 13616K
}
Event: 8,334 GC heap before
{Heap before GC invocations=3 (full 0):
 PSYoungGen      total 19200K, used 19190K [0x91cc0000, 0x94240000, 0xa6e00000)
  eden space 16640K, 100% used [0x91cc0000,0x92d00000,0x92d00000)
  from space 2560K, 99% used [0x93fc0000,0x9423db10,0x94240000)
  to   space 2560K, 0% used [0x92d00000,0x92d00000,0x92f80000)
 ParOldGen       total 43776K, used 4698K [0x67a00000, 0x6a4c0000, 0x91cc0000)
  object space 43776K, 10% used [0x67a00000,0x67e968a0,0x6a4c0000)
 Metaspace       used 14786K, capacity 14993K, committed 15128K, reserved 15664K
Event: 8,344 GC heap after
Heap after GC invocations=3 (full 0):
 PSYoungGen      total 19200K, used 2553K [0x91cc0000, 0x94240000, 0xa6e00000)
  eden space 16640K, 0% used [0x91cc0000,0x91cc0000,0x92d00000)
  from space 2560K, 99% used [0x92d00000,0x92f7e408,0x92f80000)
  to   space 2560K, 0% used [0x93fc0000,0x93fc0000,0x94240000)
 ParOldGen       total 43776K, used 7528K [0x67a00000, 0x6a4c0000, 0x91cc0000)
  object space 43776K, 17% used [0x67a00000,0x6815a3f8,0x6a4c0000)
 Metaspace       used 14786K, capacity 14993K, committed 15128K, reserved 15664K
}

