# JRE version: OpenJDK Runtime Environment (8.0_111-b14) (build 1.8.0_111-8u111-b14-2ubuntu0.16.04.2-b14)
# Java VM: OpenJDK Server VM (25.111-b14 mixed mode linux-x86 )
Heap:
 PSYoungGen      total 163584K, used 61955K [0x91cc0000, 0x9c180000, 0xa6e00000)
  eden space 161024K, 38% used [0x91cc0000,0x95934ca8,0x9ba00000)
  from space 2560K, 1% used [0x9ba00000,0x9ba0c000,0x9bc80000)
  to   space 2304K, 0% used [0x9bf40000,0x9bf40000,0x9c180000)
 ParOldGen       total 36352K, used 9705K [0x67a00000, 0x69d80000, 0x91cc0000)
  object space 36352K, 26% used [0x67a00000,0x6837a580,0x69d80000)
 Metaspace       used 17540K, capacity 17760K, committed 17920K, reserved 18736K
GC Heap History (10 events):
Event: 82,897 GC heap before
{Heap before GC invocations=32 (full 1):
 PSYoungGen      total 158208K, used 155488K [0x91cc0000, 0x9ba80000, 0xa6e00000)
  eden space 155392K, 100% used [0x91cc0000,0x9b480000,0x9b480000)
  from space 2816K, 3% used [0x9b7c0000,0x9b7d8000,0x9ba80000)
  to   space 3072K, 0% used [0x9b480000,0x9b480000,0x9b780000)
 ParOldGen       total 36352K, used 9665K [0x67a00000, 0x69d80000, 0x91cc0000)
  object space 36352K, 26% used [0x67a00000,0x68370580,0x69d80000)
 Metaspace       used 17499K, capacity 17728K, committed 17920K, reserved 18736K
Event: 82,898 GC heap after
Heap after GC invocations=32 (full 1):
 PSYoungGen      total 158464K, used 64K [0x91cc0000, 0x9bc40000, 0xa6e00000)
  eden space 155392K, 0% used [0x91cc0000,0x91cc0000,0x9b480000)
  from space 3072K, 2% used [0x9b480000,0x9b490000,0x9b780000)
  to   space 2816K, 0% used [0x9b980000,0x9b980000,0x9bc40000)
 ParOldGen       total 36352K, used 9669K [0x67a00000, 0x69d80000, 0x91cc0000)
  object space 36352K, 26% used [0x67a00000,0x68371580,0x69d80000)
 Metaspace       used 17499K, capacity 17728K, committed 17920K, reserved 18736K
}
Event: 86,409 GC heap before
{Heap before GC invocations=33 (full 1):
 PSYoungGen      total 158464K, used 155456K [0x91cc0000, 0x9bc40000, 0xa6e00000)
  eden space 155392K, 100% used [0x91cc0000,0x9b480000,0x9b480000)
  from space 3072K, 2% used [0x9b480000,0x9b490000,0x9b780000)
  to   space 2816K, 0% used [0x9b980000,0x9b980000,0x9bc40000)
 ParOldGen       total 36352K, used 9669K [0x67a00000, 0x69d80000, 0x91cc0000)
  object space 36352K, 26% used [0x67a00000,0x68371580,0x69d80000)
 Metaspace       used 17499K, capacity 17728K, committed 17920K, reserved 18736K
Event: 86,418 GC heap after
Heap after GC invocations=33 (full 1):
 PSYoungGen      total 160512K, used 64K [0x91cc0000, 0x9bd80000, 0xa6e00000)
  eden space 157696K, 0% used [0x91cc0000,0x91cc0000,0x9b6c0000)
  from space 2816K, 2% used [0x9b980000,0x9b990000,0x9bc40000)
  to   space 2816K, 0% used [0x9b6c0000,0x9b6c0000,0x9b980000)
 ParOldGen       total 36352K, used 9681K [0x67a00000, 0x69d80000, 0x91cc0000)
  object space 36352K, 26% used [0x67a00000,0x68374580,0x69d80000)
 Metaspace       used 17499K, capacity 17728K, committed 17920K, reserved 18736K
}
Event: 90,362 GC heap before
{Heap before GC invocations=34 (full 1):
 PSYoungGen      total 160512K, used 157760K [0x91cc0000, 0x9bd80000, 0xa6e00000)
  eden space 157696K, 100% used [0x91cc0000,0x9b6c0000,0x9b6c0000)
  from space 2816K, 2% used [0x9b980000,0x9b990000,0x9bc40000)
  to   space 2816K, 0% used [0x9b6c0000,0x9b6c0000,0x9b980000)
 ParOldGen       total 36352K, used 9681K [0x67a00000, 0x69d80000, 0x91cc0000)
  object space 36352K, 26% used [0x67a00000,0x68374580,0x69d80000)
 Metaspace       used 17502K, capacity 17728K, committed 17920K, reserved 18736K
Event: 90,373 GC heap after
Heap after GC invocations=34 (full 1):
 PSYoungGen      total 160512K, used 64K [0x91cc0000, 0x9bf80000, 0xa6e00000)
  eden space 157696K, 0% used [0x91cc0000,0x91cc0000,0x9b6c0000)
  from space 2816K, 2% used [0x9b6c0000,0x9b6d0000,0x9b980000)
  to   space 2560K, 0% used [0x9bd00000,0x9bd00000,0x9bf80000)
 ParOldGen       total 36352K, used 9689K [0x67a00000, 0x69d80000, 0x91cc0000)
  object space 36352K, 26% used [0x67a00000,0x68376580,0x69d80000)
 Metaspace       used 17502K, capacity 17728K, committed 17920K, reserved 18736K
}
Event: 94,156 GC heap before
{Heap before GC invocations=35 (full 1):
 PSYoungGen      total 160512K, used 157760K [0x91cc0000, 0x9bf80000, 0xa6e00000)
  eden space 157696K, 100% used [0x91cc0000,0x9b6c0000,0x9b6c0000)
  from space 2816K, 2% used [0x9b6c0000,0x9b6d0000,0x9b980000)
  to   space 2560K, 0% used [0x9bd00000,0x9bd00000,0x9bf80000)
 ParOldGen       total 36352K, used 9689K [0x67a00000, 0x69d80000, 0x91cc0000)
  object space 36352K, 26% used [0x67a00000,0x68376580,0x69d80000)
 Metaspace       used 17505K, capacity 17728K, committed 17920K, reserved 18736K
Event: 94,158 GC heap after
Heap after GC invocations=35 (full 1):
 PSYoungGen      total 163072K, used 48K [0x91cc0000, 0x9bf00000, 0xa6e00000)
  eden space 161024K, 0% used [0x91cc0000,0x91cc0000,0x9ba00000)
  from space 2048K, 2% used [0x9bd00000,0x9bd0c000,0x9bf00000)
  to   space 2560K, 0% used [0x9ba00000,0x9ba00000,0x9bc80000)
 ParOldGen       total 36352K, used 9697K [0x67a00000, 0x69d80000, 0x91cc0000)
  object space 36352K, 26% used [0x67a00000,0x68378580,0x69d80000)
 Metaspace       used 17505K, capacity 17728K, committed 17920K, reserved 18736K
}
Event: 98,376 GC heap before
{Heap before GC invocations=36 (full 1):
 PSYoungGen      total 163072K, used 161072K [0x91cc0000, 0x9bf00000, 0xa6e00000)
  eden space 161024K, 100% used [0x91cc0000,0x9ba00000,0x9ba00000)
  from space 2048K, 2% used [0x9bd00000,0x9bd0c000,0x9bf00000)
  to   space 2560K, 0% used [0x9ba00000,0x9ba00000,0x9bc80000)
 ParOldGen       total 36352K, used 9697K [0x67a00000, 0x69d80000, 0x91cc0000)
  object space 36352K, 26% used [0x67a00000,0x68378580,0x69d80000)
 Metaspace       used 17521K, capacity 17760K, committed 17920K, reserved 18736K
Event: 98,378 GC heap after
Heap after GC invocations=36 (full 1):
 PSYoungGen      total 163584K, used 48K [0x91cc0000, 0x9c180000, 0xa6e00000)
  eden space 161024K, 0% used [0x91cc0000,0x91cc0000,0x9ba00000)
  from space 2560K, 1% used [0x9ba00000,0x9ba0c000,0x9bc80000)
  to   space 2304K, 0% used [0x9bf40000,0x9bf40000,0x9c180000)
 ParOldGen       total 36352K, used 9705K [0x67a00000, 0x69d80000, 0x91cc0000)
  object space 36352K, 26% used [0x67a00000,0x6837a580,0x69d80000)
 Metaspace       used 17521K, capacity 17760K, committed 17920K, reserved 18736K
}

